2002.01.15 03:12 B C:\WINDOWS\Desktop\Mark's stuff\boards\awclanboard.brd <-- xidus.net /home/akumaka/gundam/building/boards awclanboard.brd
2002.01.15 03:12 B C:\WINDOWS\Desktop\Mark's stuff\boards\boards.txt <-- xidus.net /home/akumaka/gundam/building/boards boards.txt
2002.01.15 03:12 B C:\WINDOWS\Desktop\Mark's stuff\boards\complaint.brd <-- xidus.net /home/akumaka/gundam/building/boards complaint.brd
2002.01.15 03:12 B C:\WINDOWS\Desktop\Mark's stuff\boards\ffclan.brd <-- xidus.net /home/akumaka/gundam/building/boards ffclan.brd
2002.01.15 03:12 B C:\WINDOWS\Desktop\Mark's stuff\boards\imm_monitor <-- xidus.net /home/akumaka/gundam/building/boards imm_monitor
2002.01.15 03:12 B C:\WINDOWS\Desktop\Mark's stuff\boards\mail_net <-- xidus.net /home/akumaka/gundam/building/boards mail_net
2002.01.15 03:12 B C:\WINDOWS\Desktop\Mark's stuff\boards\oz.board <-- xidus.net /home/akumaka/gundam/building/boards oz.board
2002.01.15 03:12 B C:\WINDOWS\Desktop\Mark's stuff\boards\student.board <-- xidus.net /home/akumaka/gundam/building/boards student.board
2002.01.15 03:15 B C:\WINDOWS\Desktop\Mark's stuff\boards\awclanboard.brd --> xidus.net /home/akumaka/gundam/boards awclanboard.brd
2002.01.15 03:15 B C:\WINDOWS\Desktop\Mark's stuff\boards\boards.txt --> xidus.net /home/akumaka/gundam/boards boards.txt
2002.01.15 03:15 B C:\WINDOWS\Desktop\Mark's stuff\boards\complaint.brd --> xidus.net /home/akumaka/gundam/boards complaint.brd
2002.01.15 03:15 B C:\WINDOWS\Desktop\Mark's stuff\boards\courthouse.brd --> xidus.net /home/akumaka/gundam/boards courthouse.brd
2002.01.15 03:15 B C:\WINDOWS\Desktop\Mark's stuff\boards\email.board --> xidus.net /home/akumaka/gundam/boards email.board
2002.01.15 03:15 B C:\WINDOWS\Desktop\Mark's stuff\boards\esunboard.brd --> xidus.net /home/akumaka/gundam/boards esunboard.brd
2002.01.15 03:15 B C:\WINDOWS\Desktop\Mark's stuff\boards\ffclan.brd --> xidus.net /home/akumaka/gundam/boards ffclan.brd
2002.01.15 03:15 B C:\WINDOWS\Desktop\Mark's stuff\boards\imm_monitor --> xidus.net /home/akumaka/gundam/boards imm_monitor
2002.01.15 03:15 B C:\WINDOWS\Desktop\Mark's stuff\boards\mail_net --> xidus.net /home/akumaka/gundam/boards mail_net
2002.01.15 03:15 B C:\WINDOWS\Desktop\Mark's stuff\boards\oz.board --> xidus.net /home/akumaka/gundam/boards oz.board
2002.01.15 03:15 B C:\WINDOWS\Desktop\Mark's stuff\boards\student.board --> xidus.net /home/akumaka/gundam/boards student.board
2002.01.15 03:15 B C:\WINDOWS\Desktop\Mark's stuff\boards\wfboard.brd --> xidus.net /home/akumaka/gundam/boards wfboard.brd
2002.01.16 20:56 B C:\Lee's Files\MUDs\GWOM\gundam\boards\WS_FTP.LOG <-- Gundam /home/akumaka/gundam/boards WS_FTP.LOG
