2002.05.02 00:30 B C:\WINDOWS\Desktop\Games and Entertainment\swrip\doc\act.txt --> xidus.net /home/halastar/swrip/doc act.txt
2002.05.02 00:30 B C:\WINDOWS\Desktop\Games and Entertainment\swrip\doc\area.txt --> xidus.net /home/halastar/swrip/doc area.txt
2002.05.02 00:30 B C:\WINDOWS\Desktop\Games and Entertainment\swrip\doc\class.txt --> xidus.net /home/halastar/swrip/doc class.txt
2002.05.02 00:30 B C:\WINDOWS\Desktop\Games and Entertainment\swrip\doc\command.txt --> xidus.net /home/halastar/swrip/doc command.txt
2002.05.02 00:30 B C:\WINDOWS\Desktop\Games and Entertainment\swrip\doc\contrib.txt --> xidus.net /home/halastar/swrip/doc contrib.txt
2002.05.02 00:30 B C:\WINDOWS\Desktop\Games and Entertainment\swrip\doc\drool.txt --> xidus.net /home/halastar/swrip/doc drool.txt
2002.05.02 00:30 B C:\WINDOWS\Desktop\Games and Entertainment\swrip\doc\hacker.txt --> xidus.net /home/halastar/swrip/doc hacker.txt
2002.05.02 00:30 B C:\WINDOWS\Desktop\Games and Entertainment\swrip\doc\license.diku --> xidus.net /home/halastar/swrip/doc license.diku
2002.05.02 00:30 B C:\WINDOWS\Desktop\Games and Entertainment\swrip\doc\license.merc --> xidus.net /home/halastar/swrip/doc license.merc
2002.05.02 00:30 B C:\WINDOWS\Desktop\Games and Entertainment\swrip\doc\license.SWReality --> xidus.net /home/halastar/swrip/doc license.SWReality
2002.05.02 00:30 B C:\WINDOWS\Desktop\Games and Entertainment\swrip\doc\license.SWRiP --> xidus.net /home/halastar/swrip/doc license.SWRiP
2002.05.02 00:30 B C:\WINDOWS\Desktop\Games and Entertainment\swrip\doc\license.txt --> xidus.net /home/halastar/swrip/doc license.txt
2002.05.02 00:30 B C:\WINDOWS\Desktop\Games and Entertainment\swrip\doc\olc.txt --> xidus.net /home/halastar/swrip/doc olc.txt
2002.05.02 00:30 B C:\WINDOWS\Desktop\Games and Entertainment\swrip\doc\pfile.txt --> xidus.net /home/halastar/swrip/doc pfile.txt
2002.05.02 00:30 B C:\WINDOWS\Desktop\Games and Entertainment\swrip\doc\player.txt --> xidus.net /home/halastar/swrip/doc player.txt
2002.05.02 00:30 B C:\WINDOWS\Desktop\Games and Entertainment\swrip\doc\readme.txt --> xidus.net /home/halastar/swrip/doc readme.txt
2002.05.02 00:30 B C:\WINDOWS\Desktop\Games and Entertainment\swrip\doc\security.txt --> xidus.net /home/halastar/swrip/doc security.txt
2002.05.02 00:30 B C:\WINDOWS\Desktop\Games and Entertainment\swrip\doc\skill.txt --> xidus.net /home/halastar/swrip/doc skill.txt
2002.05.02 00:30 B C:\WINDOWS\Desktop\Games and Entertainment\swrip\doc\smaug.txt --> xidus.net /home/halastar/swrip/doc smaug.txt
2002.05.02 00:30 B C:\WINDOWS\Desktop\Games and Entertainment\swrip\doc\smaugspells.txt --> xidus.net /home/halastar/swrip/doc smaugspells.txt
2002.05.02 00:30 B C:\WINDOWS\Desktop\Games and Entertainment\swrip\doc\vnum.txt --> xidus.net /home/halastar/swrip/doc vnum.txt
2002.06.05 04:03 B C:\WINDOWS\Desktop\Games and Entertainment\swrip\doc\act.txt --> xidus.net /home/gundamom/gundam/doc act.txt
2002.06.05 04:03 B C:\WINDOWS\Desktop\Games and Entertainment\swrip\doc\area.txt --> xidus.net /home/gundamom/gundam/doc area.txt
2002.06.05 04:04 B C:\WINDOWS\Desktop\Games and Entertainment\swrip\doc\class.txt --> xidus.net /home/gundamom/gundam/doc class.txt
2002.06.05 04:04 B C:\WINDOWS\Desktop\Games and Entertainment\swrip\doc\command.txt --> xidus.net /home/gundamom/gundam/doc command.txt
2002.06.05 04:04 B C:\WINDOWS\Desktop\Games and Entertainment\swrip\doc\contrib.txt --> xidus.net /home/gundamom/gundam/doc contrib.txt
2002.06.05 04:04 B C:\WINDOWS\Desktop\Games and Entertainment\swrip\doc\drool.txt --> xidus.net /home/gundamom/gundam/doc drool.txt
2002.06.05 04:04 B C:\WINDOWS\Desktop\Games and Entertainment\swrip\doc\hacker.txt --> xidus.net /home/gundamom/gundam/doc hacker.txt
2002.06.05 04:04 B C:\WINDOWS\Desktop\Games and Entertainment\swrip\doc\license.diku --> xidus.net /home/gundamom/gundam/doc license.diku
2002.06.05 04:04 B C:\WINDOWS\Desktop\Games and Entertainment\swrip\doc\license.merc --> xidus.net /home/gundamom/gundam/doc license.merc
2002.06.05 04:04 B C:\WINDOWS\Desktop\Games and Entertainment\swrip\doc\license.SWReality --> xidus.net /home/gundamom/gundam/doc license.SWReality
2002.06.05 04:04 B C:\WINDOWS\Desktop\Games and Entertainment\swrip\doc\license.SWRiP --> xidus.net /home/gundamom/gundam/doc license.SWRiP
2002.06.05 04:04 B C:\WINDOWS\Desktop\Games and Entertainment\swrip\doc\license.txt --> xidus.net /home/gundamom/gundam/doc license.txt
2002.06.05 04:04 B C:\WINDOWS\Desktop\Games and Entertainment\swrip\doc\olc.txt --> xidus.net /home/gundamom/gundam/doc olc.txt
2002.06.05 04:04 B C:\WINDOWS\Desktop\Games and Entertainment\swrip\doc\pfile.txt --> xidus.net /home/gundamom/gundam/doc pfile.txt
2002.06.05 04:04 B C:\WINDOWS\Desktop\Games and Entertainment\swrip\doc\player.txt --> xidus.net /home/gundamom/gundam/doc player.txt
2002.06.05 04:04 B C:\WINDOWS\Desktop\Games and Entertainment\swrip\doc\readme.txt --> xidus.net /home/gundamom/gundam/doc readme.txt
2002.06.05 04:04 B C:\WINDOWS\Desktop\Games and Entertainment\swrip\doc\security.txt --> xidus.net /home/gundamom/gundam/doc security.txt
2002.06.05 04:04 B C:\WINDOWS\Desktop\Games and Entertainment\swrip\doc\skill.txt --> xidus.net /home/gundamom/gundam/doc skill.txt
2002.06.05 04:04 B C:\WINDOWS\Desktop\Games and Entertainment\swrip\doc\smaug.txt --> xidus.net /home/gundamom/gundam/doc smaug.txt
2002.06.05 04:04 B C:\WINDOWS\Desktop\Games and Entertainment\swrip\doc\smaugspells.txt --> xidus.net /home/gundamom/gundam/doc smaugspells.txt
2002.06.05 04:04 B C:\WINDOWS\Desktop\Games and Entertainment\swrip\doc\vnum.txt --> xidus.net /home/gundamom/gundam/doc vnum.txt
