Draxx                    Tue Aug 25 16:27:07 2020    99-14-50-128.lightspeed.nsvltn.sbcglobal.net
Draxx                    Tue Aug 25 16:25:15 2020    99-14-50-128.lightspeed.nsvltn.sbcglobal.net
Axis                     Tue Aug 25 16:09:01 2020    cpe-98-157-46-153.ma.res.rr.com
Axis                     Tue Aug 25 11:44:26 2020    cpe-98-157-46-153.ma.res.rr.com
Axis                     Tue Aug 25 11:40:08 2020    cpe-98-157-46-153.ma.res.rr.com
Axis                     Tue Aug 25 11:34:13 2020    cpe-98-157-46-153.ma.res.rr.com
Axis                     Tue Aug 25 11:25:17 2020    cpe-98-157-46-153.ma.res.rr.com
Axis                     Tue Aug 25 11:10:51 2020    cpe-98-157-46-153.ma.res.rr.com
Scoyn                    Sat Aug 29 11:47:25 2015    107-139-42-8.lightspeed.dybhfl.sbcglobal.net
Maldar                   Sun Aug 09 09:11:51 2015    104-128-200-126.wyldmi.fnw.us
Maldar                   Fri Aug 07 22:56:29 2015    104-128-200-126.wyldmi.fnw.us
Scoyn                    Thu Aug 06 21:12:24 2015    107-139-42-8.lightspeed.dybhfl.sbcglobal.net
Scoyn                    Tue Aug 04 14:37:33 2015    107-139-42-8.lightspeed.dybhfl.sbcglobal.net
Scoyn                    Wed Jul 22 21:05:20 2015    107-139-42-8.lightspeed.dybhfl.sbcglobal.net
Maldar                   Wed Jul 22 00:47:55 2015    104-128-200-126.wyldmi.fnw.us
Scoyn                    Tue Jul 21 13:49:26 2015    107-139-42-8.lightspeed.dybhfl.sbcglobal.net
Scoyn                    Sun Jul 19 00:07:21 2015    107-139-42-8.lightspeed.dybhfl.sbcglobal.net
Scoyn                    Wed Jul 15 20:29:31 2015    107-139-42-8.lightspeed.dybhfl.sbcglobal.net
Scoyn                    Thu Jul 09 18:12:30 2015    107-139-42-8.lightspeed.dybhfl.sbcglobal.net
Maldar                   Tue Jul 07 07:38:02 2015    104-128-200-126.wyldmi.fnw.us
Scoyn                    Mon Jul 06 22:51:43 2015    107-139-42-8.lightspeed.dybhfl.sbcglobal.net
Scoyn                    Tue Jun 30 18:54:21 2015    107-139-42-8.lightspeed.dybhfl.sbcglobal.net
Amras                    Mon Jun 29 22:38:06 2015    dhcp-0-1e-e5-4-12-91.cpe.seaside.ns.ca
Scoyn                    Sun Jun 28 14:59:00 2015    107-139-42-8.lightspeed.dybhfl.sbcglobal.net
Scoyn                    Thu Jun 25 23:55:15 2015    107-139-42-8.lightspeed.dybhfl.sbcglobal.net
Scoyn                    Thu Jun 25 17:48:13 2015    107-139-42-8.lightspeed.dybhfl.sbcglobal.net
Scoyn                    Mon Jun 22 08:45:29 2015    107-139-42-8.lightspeed.dybhfl.sbcglobal.net
Scoyn                    Sun Jun 21 13:41:50 2015    107-139-42-8.lightspeed.dybhfl.sbcglobal.net
Scoyn                    Sat Jun 20 18:38:18 2015    107-139-42-8.lightspeed.dybhfl.sbcglobal.net
Maldar                   Thu Jun 18 18:31:52 2015    104-128-200-126.wyldmi.fnw.us
Scoyn                    Thu Jun 04 17:52:12 2015    107-139-42-8.lightspeed.dybhfl.sbcglobal.net
Scoyn                    Sun May 31 10:26:38 2015    107-139-42-8.lightspeed.dybhfl.sbcglobal.net
Scoyn                    Tue May 26 09:18:09 2015    107-139-42-8.lightspeed.dybhfl.sbcglobal.net
Arcturis                 Mon May 25 20:25:55 2015    pool-184-19-131-100.clrkwv.dsl.ncnetwork.net
Aramaust                 Sun May 24 18:31:28 2015    pool-184-19-131-100.clrkwv.dsl.ncnetwork.net
Maldar                   Sun May 24 13:51:51 2015    104-128-200-126.wyldmi.fnw.us
Scoyn                    Mon May 18 18:22:39 2015    107-139-42-8.lightspeed.dybhfl.sbcglobal.net
Scoyn                    Sun May 17 23:23:33 2015    107-139-41-203.lightspeed.dybhfl.sbcglobal.net
Scoyn                    Sat May 16 23:45:07 2015    107-139-41-203.lightspeed.dybhfl.sbcglobal.net
Scoyn                    Wed May 06 06:42:33 2015    107-139-41-203.lightspeed.dybhfl.sbcglobal.net
Scoyn                    Tue May 05 09:38:36 2015    107-139-41-203.lightspeed.dybhfl.sbcglobal.net
Scoyn                    Mon May 04 23:28:17 2015    107-139-41-203.lightspeed.dybhfl.sbcglobal.net
Scoyn                    Sun May 03 16:53:23 2015    107-139-41-203.lightspeed.dybhfl.sbcglobal.net
Scoyn                    Sat May 02 21:23:51 2015    107-139-41-203.lightspeed.dybhfl.sbcglobal.net
Scoyn                    Sat May 02 20:17:00 2015    107-139-41-203.lightspeed.dybhfl.sbcglobal.net
Scoyn                    Sat May 02 18:47:26 2015    107-139-41-203.lightspeed.dybhfl.sbcglobal.net
Scoyn                    Sat May 02 00:53:10 2015    107-139-41-203.lightspeed.dybhfl.sbcglobal.net
Scoyn                    Wed Apr 29 15:48:20 2015    107-139-41-203.lightspeed.dybhfl.sbcglobal.net
Scoyn                    Wed Apr 29 09:31:20 2015    107-139-41-203.lightspeed.dybhfl.sbcglobal.net
Scoyn                    Tue Apr 28 07:36:39 2015    107-139-41-203.lightspeed.dybhfl.sbcglobal.net
Scoyn                    Sun Apr 26 22:57:26 2015    107-139-41-203.lightspeed.dybhfl.sbcglobal.net
Scoyn                    Fri Apr 24 10:59:09 2015    107-139-41-203.lightspeed.dybhfl.sbcglobal.net
Scoyn                    Thu Apr 23 20:05:35 2015    107-139-41-203.lightspeed.dybhfl.sbcglobal.net
Scoyn                    Wed Apr 22 21:11:12 2015    107-139-41-203.lightspeed.dybhfl.sbcglobal.net
Woody                    Tue Apr 21 20:13:14 2015    104-128-200-126.wyldmi.fnw.us
Scoyn                    Thu Apr 16 10:06:43 2015    107-139-41-203.lightspeed.dybhfl.sbcglobal.net
Scoyn                    Wed Apr 15 20:50:08 2015    107-139-41-203.lightspeed.dybhfl.sbcglobal.net
Scoyn                    Mon Apr 13 14:56:23 2015    107-139-41-203.lightspeed.dybhfl.sbcglobal.net
Scoyn                    Mon Apr 13 07:06:55 2015    107-139-40-252.lightspeed.dybhfl.sbcglobal.net
Scoyn                    Sun Apr 12 13:18:31 2015    107-139-40-252.lightspeed.dybhfl.sbcglobal.net
Scoyn                    Sat Apr 11 09:58:52 2015    107-139-40-252.lightspeed.dybhfl.sbcglobal.net
Scoyn                    Fri Apr 10 13:31:29 2015    107-139-40-252.lightspeed.dybhfl.sbcglobal.net
Scoyn                    Wed Apr 08 20:10:20 2015    107-139-40-252.lightspeed.dybhfl.sbcglobal.net
Scoyn                    Tue Apr 07 06:27:20 2015    107-139-40-252.lightspeed.dybhfl.sbcglobal.net
Akiran                   Mon Apr 06 23:34:19 2015    50.110.172.107
Scoyn                    Fri Apr 03 14:10:21 2015    107-139-40-252.lightspeed.dybhfl.sbcglobal.net
Arcturis                 Wed Apr 01 13:17:50 2015    66-87-82-195.pools.spcsdns.net
Aramaust                 Wed Apr 01 13:17:23 2015    66-87-82-195.pools.spcsdns.net
Woody                    Sun Mar 22 22:06:52 2015    104-128-200-126.wyldmi.fnw.us
Woody                    Fri Mar 20 23:11:16 2015    104-128-200-126.wyldmi.fnw.us
Scoyn                    Tue Mar 17 08:45:45 2015    107-139-40-252.lightspeed.dybhfl.sbcglobal.net
Woody                    Sun Mar 15 12:35:14 2015    104-128-200-126.wyldmi.fnw.us
Scoyn                    Thu Mar 12 07:00:25 2015    107-139-40-252.lightspeed.dybhfl.sbcglobal.net
Scoyn                    Tue Mar 10 20:38:14 2015    107-139-40-252.lightspeed.dybhfl.sbcglobal.net
Scoyn                    Mon Mar 09 00:40:04 2015    107-139-40-252.lightspeed.dybhfl.sbcglobal.net
Arcturis                 Sun Mar 08 22:52:44 2015    184.19.201.99
Arcturis                 Sun Mar 08 19:28:47 2015    184.19.201.99
Akiran                   Sun Mar 08 19:21:36 2015    184.19.201.99
Woody                    Sun Mar 08 12:57:49 2015    104-128-200-126.wyldmi.fnw.us
Woody                    Sun Mar 08 12:53:17 2015    104-128-200-126.wyldmi.fnw.us
Woody                    Sun Mar 08 03:08:36 2015    104-128-200-126.wyldmi.fnw.us
Maldar                   Sun Mar 08 01:49:33 2015    104-128-200-126.wyldmi.fnw.us
Woody                    Sun Mar 08 01:47:43 2015    104-128-200-126.wyldmi.fnw.us
Woody                    Fri Mar 06 22:33:31 2015    104-128-200-126.wyldmi.fnw.us
Arcturis                 Fri Mar 06 19:39:43 2015    pool-184-19-130-142.clrkwv.dsl.ncnetwork.net
Scorpion                 Fri Mar 06 03:42:27 2015    66-87-114-107.pools.spcsdns.net
Scorpion                 Fri Mar 06 03:27:26 2015    66-87-114-107.pools.spcsdns.net
Woody                    Fri Mar 06 03:06:51 2015    104-128-200-126.wyldmi.fnw.us
Woody                    Fri Mar 06 02:36:07 2015    104-128-200-126.wyldmi.fnw.us
Maldar                   Fri Mar 06 02:16:47 2015    104-128-200-126.wyldmi.fnw.us
Sonyc                    Thu Mar 05 22:15:07 2015    107-139-40-252.lightspeed.dybhfl.sbcglobal.net
Scoyn                    Thu Mar 05 22:13:42 2015    107-139-40-252.lightspeed.dybhfl.sbcglobal.net
Arcturis                 Thu Mar 05 22:12:34 2015    184.19.202.18
Arcturis                 Thu Mar 05 22:04:12 2015    184.19.202.18
Scoyn                    Thu Mar 05 22:03:50 2015    107-139-40-252.lightspeed.dybhfl.sbcglobal.net
Arcturis                 Thu Mar 05 21:54:42 2015    184.19.202.18
Scoyn                    Thu Mar 05 21:54:23 2015    107-139-40-252.lightspeed.dybhfl.sbcglobal.net
Arcturis                 Thu Mar 05 21:53:09 2015    184.19.202.18
Arcturis                 Thu Mar 05 21:45:07 2015    184.19.202.18
Scoyn                    Thu Mar 05 21:44:43 2015    107-139-40-252.lightspeed.dybhfl.sbcglobal.net
Maldar                   Thu Mar 05 20:50:56 2015    104-128-200-126.wyldmi.fnw.us
Scoyn                    Thu Mar 05 18:44:03 2015    107-139-40-252.lightspeed.dybhfl.sbcglobal.net
Aramaust                 Thu Mar 05 17:36:44 2015    ec2-107-23-50-52.compute-1.amazonaws.com
Arcturis                 Thu Mar 05 14:41:39 2015    184.19.202.18
Arcturis                 Thu Mar 05 14:40:24 2015    184.19.202.18
Arcturis                 Thu Mar 05 14:39:55 2015    184.19.202.18
Arcturis                 Thu Mar 05 12:06:01 2015    184.19.202.18
Arcturis                 Thu Mar 05 12:05:35 2015    184.19.202.18
Arcturis                 Thu Mar 05 11:44:23 2015    184.19.211.99
Arcturis                 Thu Mar 05 09:52:36 2015    184.19.211.99
Aramaust                 Thu Mar 05 09:27:29 2015    184.19.211.99
Maldar                   Thu Mar 05 02:33:41 2015    104-128-200-126.wyldmi.fnw.us
Maldar                   Wed Mar 04 21:17:52 2015    104-128-200-126.wyldmi.fnw.us
Woody                    Wed Mar 04 20:43:15 2015    104-128-200-126.wyldmi.fnw.us
Aramaust                 Wed Mar 04 18:56:35 2015    pool-184-19-136-209.clrkwv.dsl.ncnetwork.net
Woody                    Wed Mar 04 01:33:32 2015    104-128-200-126.wyldmi.fnw.us
Maldar                   Wed Mar 04 00:22:41 2015    104-128-200-126.wyldmi.fnw.us
Woody                    Wed Mar 04 00:16:11 2015    104-128-200-126.wyldmi.fnw.us
Aramaust                 Tue Mar 03 23:56:43 2015    184.19.206.62
Aramaust                 Tue Mar 03 22:39:40 2015    184.19.206.62
Woody                    Tue Mar 03 21:52:45 2015    104-128-200-126.wyldmi.fnw.us
Akiran                   Tue Mar 03 21:19:51 2015    184.19.206.62
Scoyn                    Mon Mar 02 09:41:59 2015    107-139-40-252.lightspeed.dybhfl.sbcglobal.net
Woody                    Sun Mar 01 23:54:00 2015    104-128-200-126.wyldmi.fnw.us
Scorpion                 Sun Mar 01 23:49:04 2015    104-128-200-126.wyldmi.fnw.us
Flick                    Sun Mar 01 23:42:32 2015    104-128-200-126.wyldmi.fnw.us
Woody                    Sun Mar 01 21:57:59 2015    104-128-200-126.wyldmi.fnw.us
Woody                    Sun Mar 01 19:52:48 2015    104-128-200-126.wyldmi.fnw.us
Maldar                   Sun Mar 01 14:27:18 2015    104-128-200-126.wyldmi.fnw.us
Woody                    Sun Mar 01 13:41:35 2015    104-128-200-126.wyldmi.fnw.us
Flick                    Sun Mar 01 00:54:27 2015    104-128-200-126.wyldmi.fnw.us
Woody                    Sun Mar 01 00:49:53 2015    104-128-200-126.wyldmi.fnw.us
Maldar                   Sun Mar 01 00:46:11 2015    104-128-200-126.wyldmi.fnw.us
Woody                    Sun Mar 01 00:45:18 2015    104-128-200-126.wyldmi.fnw.us
Maldar                   Sun Mar 01 00:30:52 2015    104-128-200-126.wyldmi.fnw.us
Flick                    Sat Feb 28 22:13:35 2015    104-128-200-126.wyldmi.fnw.us
Woody                    Sat Feb 28 21:12:36 2015    104-128-200-126.wyldmi.fnw.us
Maldar                   Sat Feb 28 19:56:40 2015    104-128-200-126.wyldmi.fnw.us
Scorpion                 Sat Feb 28 19:53:48 2015    104-128-200-126.wyldmi.fnw.us
Maldar                   Sat Feb 28 19:52:55 2015    104-128-200-126.wyldmi.fnw.us
Woody                    Sat Feb 28 19:50:39 2015    104-128-200-126.wyldmi.fnw.us
Akiran                   Fri Feb 20 23:35:48 2015    184.19.217.88
Maldar                   Thu Feb 19 00:09:30 2015    104-128-200-126.wyldmi.fnw.us
Maldar                   Tue Feb 03 00:24:21 2015    104-128-200-126.wyldmi.fnw.us
Scorpion                 Sun Feb 01 04:56:07 2015    104-128-200-126.wyldmi.fnw.us
Maldar                   Sun Feb 01 03:22:00 2015    104-128-200-126.wyldmi.fnw.us
Scoyn                    Tue Jan 27 10:38:53 2015    107-139-40-252.lightspeed.dybhfl.sbcglobal.net
Maldar                   Fri Jan 16 07:46:29 2015    104-128-200-126.wyldmi.fnw.us
Scoyn                    Thu Jan 15 08:17:00 2015    107-139-40-252.lightspeed.dybhfl.sbcglobal.net
Flick                    Tue Jan 13 01:27:30 2015    104-128-200-126.wyldmi.fnw.us
Scorpion                 Mon Jan 12 19:45:57 2015    104-128-200-126.wyldmi.fnw.us
Maldar                   Mon Jan 12 19:39:22 2015    104-128-200-126.wyldmi.fnw.us
Scoyn                    Sun Jan 11 21:24:57 2015    107-139-40-252.lightspeed.dybhfl.sbcglobal.net
Scoyn                    Thu Dec 25 09:30:23 2014    107-139-40-252.lightspeed.dybhfl.sbcglobal.net
Scoyn                    Sun Dec 21 21:05:57 2014    107-139-40-252.lightspeed.dybhfl.sbcglobal.net
Scoyn                    Sat Dec 13 17:08:12 2014    107-139-40-252.lightspeed.dybhfl.sbcglobal.net
Aramaust                 Sat Dec 13 13:35:00 2014    66-87-80-99.pools.spcsdns.net
Aramaust                 Sat Dec 13 12:52:58 2014    66-87-80-99.pools.spcsdns.net
Scoyn                    Wed Dec 10 06:23:46 2014    107-139-40-252.lightspeed.dybhfl.sbcglobal.net
Aramaust                 Thu Dec 04 19:46:48 2014    66-87-81-160.pools.spcsdns.net
Aramaust                 Thu Dec 04 17:31:46 2014    129-80-87-66.pools.cgn.spcsdns.net
Akiran                   Tue Dec 02 01:43:20 2014    66-87-82-15.pools.spcsdns.net
Aramaust                 Sun Nov 30 20:26:09 2014    66-87-80-221.pools.spcsdns.net
Aramaust                 Sat Nov 29 17:07:07 2014    217-83-87-66.pools.cgn.spcsdns.net
Akiran                   Sat Nov 29 17:03:27 2014    179-81-87-66.pools.cgn.spcsdns.net
Akiran                   Sat Nov 29 16:40:09 2014    179-81-87-66.pools.cgn.spcsdns.net
Akiran                   Fri Nov 28 23:27:12 2014    66-87-80-208.pools.spcsdns.net
Aramaust                 Fri Nov 28 23:22:56 2014    66-87-81-76.pools.spcsdns.net
Scoyn                    Thu Nov 20 08:47:26 2014    107-139-40-252.lightspeed.dybhfl.sbcglobal.net
Scoyn                    Wed Nov 19 06:57:08 2014    107-139-40-252.lightspeed.dybhfl.sbcglobal.net
Scoyn                    Thu Nov 13 06:24:31 2014    107-139-40-252.lightspeed.dybhfl.sbcglobal.net
Scoyn                    Thu Nov 06 20:51:14 2014    107-139-40-252.lightspeed.dybhfl.sbcglobal.net
Scoyn                    Wed Oct 15 21:04:42 2014    107-139-40-252.lightspeed.dybhfl.sbcglobal.net
Scoyn                    Wed Oct 15 06:46:21 2014    107-139-40-252.lightspeed.dybhfl.sbcglobal.net
Scoyn                    Sat Oct 04 18:26:48 2014    107-139-40-252.lightspeed.dybhfl.sbcglobal.net
Scoyn                    Fri Oct 03 15:46:47 2014    107-139-40-252.lightspeed.dybhfl.sbcglobal.net
Aramaust                 Wed Oct 01 13:46:24 2014    66-87-80-117.pools.spcsdns.net
Aramaust                 Wed Oct 01 12:48:50 2014    66-87-80-117.pools.spcsdns.net
Akiran                   Tue Sep 30 20:35:45 2014    203-82-87-66.pools.cgn.spcsdns.net
Scoyn                    Tue Sep 30 20:35:05 2014    107-139-40-252.lightspeed.dybhfl.sbcglobal.net
Jefed                    Tue Sep 30 12:27:26 2014    104-3-212-224.lightspeed.frokca.sbcglobal.net
Jefed                    Tue Sep 30 01:43:20 2014    104-3-212-224.lightspeed.frokca.sbcglobal.net
Souza                    Tue Sep 30 01:08:23 2014    104-3-212-224.lightspeed.frokca.sbcglobal.net
Jefed                    Tue Sep 30 01:06:33 2014    104-3-212-224.lightspeed.frokca.sbcglobal.net
Souza                    Tue Sep 30 00:00:25 2014    104-3-212-224.lightspeed.frokca.sbcglobal.net
Jefed                    Mon Sep 29 23:58:43 2014    104-3-212-224.lightspeed.frokca.sbcglobal.net
Souza                    Mon Sep 29 22:37:00 2014    104-3-212-224.lightspeed.frokca.sbcglobal.net
Souza                    Mon Sep 29 20:43:22 2014    104-3-212-224.lightspeed.frokca.sbcglobal.net
Jefed                    Mon Sep 29 20:39:48 2014    104-3-212-224.lightspeed.frokca.sbcglobal.net
Scoyn                    Mon Sep 29 09:56:36 2014    107-139-40-252.lightspeed.dybhfl.sbcglobal.net
Aramaust                 Mon Sep 29 08:11:36 2014    66-87-83-221.pools.spcsdns.net
Maldar                   Fri Sep 26 01:51:19 2014    104-128-200-126.wyldmi.fnw.us
Souza                    Thu Sep 25 15:44:12 2014    104-3-212-224.lightspeed.frokca.sbcglobal.net
Jefed                    Thu Sep 25 12:48:44 2014    104-3-212-224.lightspeed.frokca.sbcglobal.net
Aramaust                 Thu Sep 25 07:40:03 2014    223-80-87-66.pools.cgn.spcsdns.net
Aramaust                 Thu Sep 25 03:46:31 2014    66-87-80-30.pools.spcsdns.net
Aramaust                 Wed Sep 24 08:32:33 2014    66-87-80-30.pools.spcsdns.net
Aramaust                 Wed Sep 24 05:34:55 2014    66-87-80-30.pools.spcsdns.net
Aramaust                 Wed Sep 24 02:32:39 2014    66-87-80-30.pools.spcsdns.net
Maldar                   Wed Sep 24 02:06:33 2014    104-128-200-126.wyldmi.fnw.us
Malatesta                Tue Sep 23 14:27:33 2014    104-3-212-224.lightspeed.frokca.sbcglobal.net
Souza                    Tue Sep 23 14:26:58 2014    104-3-212-224.lightspeed.frokca.sbcglobal.net
Jefed                    Tue Sep 23 14:23:59 2014    104-3-212-224.lightspeed.frokca.sbcglobal.net
Aramaust                 Tue Sep 23 08:33:00 2014    30-80-87-66.pools.cgn.spcsdns.net
Aramaust                 Tue Sep 23 07:51:09 2014    66-87-80-30.pools.spcsdns.net
Souza                    Tue Sep 23 04:03:21 2014    172.56.40.53
Malatesta                Tue Sep 23 04:01:26 2014    172.56.40.53
Jefed                    Tue Sep 23 03:54:44 2014    172.56.40.58
Aramaust                 Tue Sep 23 02:14:32 2014    66-87-80-30.pools.spcsdns.net
Aramaust                 Mon Sep 22 16:18:44 2014    30-80-87-66.pools.cgn.spcsdns.net
Scoyn                    Mon Sep 22 15:00:32 2014    107-139-40-252.lightspeed.dybhfl.sbcglobal.net
Aramaust                 Mon Sep 22 10:01:33 2014    66-87-80-30.pools.spcsdns.net
Malatesta                Fri Sep 19 03:46:51 2014    104-3-212-224.lightspeed.frokca.sbcglobal.net
Souza                    Fri Sep 19 03:44:31 2014    104-3-212-224.lightspeed.frokca.sbcglobal.net
Souza                    Fri Sep 19 03:03:15 2014    104-3-212-224.lightspeed.frokca.sbcglobal.net
Jefed                    Fri Sep 19 02:59:26 2014    104-3-212-224.lightspeed.frokca.sbcglobal.net
Scorpion                 Thu Sep 18 23:25:13 2014    104-128-200-126.wyldmi.fnw.us
Maldar                   Thu Sep 18 23:24:51 2014    104-128-200-126.wyldmi.fnw.us
Jefed                    Thu Sep 18 22:43:45 2014    104-3-212-224.lightspeed.frokca.sbcglobal.net
Jefed                    Thu Sep 18 21:28:04 2014    104-3-212-224.lightspeed.frokca.sbcglobal.net
Jefed                    Thu Sep 18 11:21:46 2014    104-3-212-224.lightspeed.frokca.sbcglobal.net
Scoyn                    Thu Sep 18 09:18:34 2014    107-139-40-252.lightspeed.dybhfl.sbcglobal.net
Aramaust                 Wed Sep 17 07:05:49 2014    66-87-81-201.pools.spcsdns.net
Jefed                    Wed Sep 17 02:28:06 2014    104-3-212-224.lightspeed.frokca.sbcglobal.net
Jefed                    Tue Sep 16 10:20:12 2014    104-3-212-224.lightspeed.frokca.sbcglobal.net
Jefed                    Tue Sep 16 02:40:17 2014    104-3-212-224.lightspeed.frokca.sbcglobal.net
Scoyn                    Tue Sep 16 02:38:17 2014    107-139-40-252.lightspeed.dybhfl.sbcglobal.net
Maldar                   Mon Sep 15 00:02:07 2014    104-128-200-126.wyldmi.fnw.us
Aramaust                 Sun Sep 14 19:20:15 2014    56-82-87-66.pools.cgn.spcsdns.net
Scorpion                 Sat Sep 13 17:20:51 2014    104-128-200-126.wyldmi.fnw.us
Scorpion                 Fri Sep 12 23:25:57 2014    104-128-200-126.wyldmi.fnw.us
Maldar                   Fri Sep 12 23:20:47 2014    104-128-200-126.wyldmi.fnw.us
Aramaust                 Thu Sep 11 11:30:47 2014    66-87-80-144.pools.spcsdns.net
Scoyn                    Thu Sep 11 11:00:23 2014    107-139-40-252.lightspeed.dybhfl.sbcglobal.net
Aramaust                 Thu Sep 11 01:06:42 2014    66-87-80-144.pools.spcsdns.net
Aramaust                 Wed Sep 10 06:50:43 2014    66-87-80-144.pools.spcsdns.net
Aramaust                 Wed Sep 10 01:16:10 2014    66-87-80-144.pools.spcsdns.net
Aramaust                 Tue Sep 09 12:21:00 2014    66-87-80-144.pools.spcsdns.net
Aramaust                 Tue Sep 09 09:58:15 2014    66-87-80-144.pools.spcsdns.net
Aramaust                 Tue Sep 09 08:11:30 2014    66-87-80-144.pools.spcsdns.net
Aramaust                 Tue Sep 09 01:24:28 2014    115-81-87-66.pools.cgn.spcsdns.net
Fayte                    Mon Sep 08 21:46:02 2014    162-230-40-43.lightspeed.sgnwmi.sbcglobal.net
Aramaust                 Mon Sep 08 10:59:53 2014    66-87-81-115.pools.spcsdns.net
Arcturis                 Mon Sep 08 10:58:53 2014    115-81-87-66.pools.cgn.spcsdns.net
Maldar                   Mon Sep 08 04:32:56 2014    104-128-200-126.wyldmi.fnw.us
Scorpion                 Mon Sep 08 03:29:12 2014    104-128-200-126.wyldmi.fnw.us
Maldar                   Mon Sep 08 02:41:13 2014    104-128-200-126.wyldmi.fnw.us
Aramaust                 Sun Sep 07 23:59:29 2014    66-87-81-115.pools.spcsdns.net
Maldar                   Sun Sep 07 11:59:59 2014    104-128-200-126.wyldmi.fnw.us
Aramaust                 Fri Sep 05 21:36:27 2014    66-87-82-25.pools.spcsdns.net
Aramaust                 Fri Sep 05 19:45:22 2014    66-87-82-25.pools.spcsdns.net
Akiran                   Fri Sep 05 19:34:57 2014    66-87-82-231.pools.spcsdns.net
Fayte                    Fri Sep 05 19:34:48 2014    162-230-40-43.lightspeed.sgnwmi.sbcglobal.net
Aramaust                 Fri Sep 05 04:58:05 2014    66-87-82-25.pools.spcsdns.net
Akiran                   Thu Sep 04 21:55:37 2014    201-81-87-66.pools.cgn.spcsdns.net
Aramaust                 Thu Sep 04 18:34:12 2014    66-87-82-25.pools.spcsdns.net
Akiran                   Thu Sep 04 17:21:28 2014    66-87-81-201.pools.spcsdns.net
Aramaust                 Thu Sep 04 14:53:35 2014    66-87-82-25.pools.spcsdns.net
Akiran                   Thu Sep 04 14:09:45 2014    245-82-87-66.pools.cgn.spcsdns.net
Akiran                   Wed Sep 03 19:35:38 2014    66-87-82-245.pools.spcsdns.net
Akiran                   Wed Sep 03 09:45:19 2014    66-87-82-113.pools.spcsdns.net
Aramaust                 Wed Sep 03 01:38:29 2014    66-87-83-112.pools.spcsdns.net
Sonyc                    Tue Sep 02 23:03:15 2014    107-139-40-252.lightspeed.dybhfl.sbcglobal.net
Akiran                   Tue Sep 02 22:35:51 2014    66-87-82-113.pools.spcsdns.net
Akiran                   Tue Sep 02 19:18:36 2014    66-87-82-113.pools.spcsdns.net
Akiran                   Tue Sep 02 18:45:30 2014    66-87-82-113.pools.spcsdns.net
Aramaust                 Tue Sep 02 14:40:30 2014    66-87-83-112.pools.spcsdns.net
Akiran                   Tue Sep 02 09:51:25 2014    66-87-82-194.pools.spcsdns.net
Akiran                   Mon Sep 01 23:14:34 2014    66-87-83-248.pools.spcsdns.net
Kitai                    Mon Sep 01 23:07:20 2014    66-87-83-248.pools.spcsdns.net
Akiran                   Mon Sep 01 23:03:07 2014    66-87-83-248.pools.spcsdns.net
Kitai                    Mon Sep 01 23:02:29 2014    66-87-83-248.pools.spcsdns.net
Kitai                    Mon Sep 01 22:58:03 2014    66-87-83-248.pools.spcsdns.net
Akiran                   Mon Sep 01 21:52:58 2014    66-87-83-248.pools.spcsdns.net
Aramaust                 Mon Sep 01 21:49:30 2014    66-87-83-112.pools.spcsdns.net
Kitai                    Mon Sep 01 21:47:26 2014    66-87-83-248.pools.spcsdns.net
Kitai                    Mon Sep 01 16:25:36 2014    66-87-83-248.pools.spcsdns.net
Kitai                    Mon Sep 01 14:48:27 2014    66-87-83-248.pools.spcsdns.net
Scorpion                 Mon Sep 01 13:38:54 2014    104-128-200-126.wyldmi.fnw.us
Maldar                   Mon Sep 01 13:32:29 2014    104-128-200-126.wyldmi.fnw.us
Kitai                    Mon Sep 01 11:49:03 2014    66-87-83-248.pools.spcsdns.net
Akiran                   Mon Sep 01 11:46:43 2014    66-87-83-248.pools.spcsdns.net
Kitai                    Mon Sep 01 11:45:57 2014    66-87-83-248.pools.spcsdns.net
Akiran                   Mon Sep 01 11:43:24 2014    66-87-83-248.pools.spcsdns.net
Akiran                   Fri Aug 29 22:15:32 2014    66-87-82-245.pools.spcsdns.net
Scoyn                    Thu Aug 28 10:06:28 2014    107-139-40-252.lightspeed.dybhfl.sbcglobal.net
Scoyn                    Mon Aug 18 18:30:19 2014    107-139-40-252.lightspeed.dybhfl.sbcglobal.net
Scoyn                    Sun Aug 17 22:20:08 2014    107-139-40-252.lightspeed.dybhfl.sbcglobal.net
Scoyn                    Fri Aug 15 21:56:56 2014    107-139-40-252.lightspeed.dybhfl.sbcglobal.net
Zero                     Thu Aug 14 23:00:57 2014    nv-71-55-111-15.dhcp.embarqhsd.net
Scoyn                    Thu Aug 14 22:17:46 2014    107-139-40-252.lightspeed.dybhfl.sbcglobal.net
Scias                    Thu Aug 14 07:18:14 2014    dhcp-108-170-138-185.cable.user.start.ca
Scoyn                    Tue Aug 12 22:27:36 2014    107-139-40-252.lightspeed.dybhfl.sbcglobal.net
Scoyn                    Thu Aug 07 10:21:06 2014    107-139-40-252.lightspeed.dybhfl.sbcglobal.net
Scoyn                    Thu Jul 31 22:20:09 2014    107-139-40-252.lightspeed.dybhfl.sbcglobal.net
Scoyn                    Wed Jul 16 22:50:43 2014    107-139-40-252.lightspeed.dybhfl.sbcglobal.net
Scoyn                    Tue Jul 15 19:50:42 2014    107-139-40-252.lightspeed.dybhfl.sbcglobal.net
Scoyn                    Mon Jul 14 20:06:19 2014    107-139-40-252.lightspeed.dybhfl.sbcglobal.net
Scoyn                    Mon Jul 14 10:38:30 2014    107-139-40-252.lightspeed.dybhfl.sbcglobal.net
Scoyn                    Sun Jul 13 10:35:06 2014    107-139-40-252.lightspeed.dybhfl.sbcglobal.net
Scoyn                    Fri Jul 11 23:06:48 2014    107-139-40-252.lightspeed.dybhfl.sbcglobal.net
Scoyn                    Fri Jul 11 13:07:44 2014    107-139-40-252.lightspeed.dybhfl.sbcglobal.net
Scoyn                    Fri Jul 11 12:38:12 2014    107-139-40-252.lightspeed.dybhfl.sbcglobal.net
Scoyn                    Fri Jul 11 01:57:17 2014    107-139-40-252.lightspeed.dybhfl.sbcglobal.net
Scoyn                    Thu Jul 10 09:36:17 2014    107-139-40-252.lightspeed.dybhfl.sbcglobal.net
Scoyn                    Mon Jul 07 20:34:54 2014    107-139-40-252.lightspeed.dybhfl.sbcglobal.net
Scoyn                    Mon Jul 07 15:02:38 2014    107-139-40-252.lightspeed.dybhfl.sbcglobal.net
Akiran                   Mon Jul 07 15:02:12 2014    66-87-80-205.pools.spcsdns.net
Scoyn                    Sun Jul 06 17:29:47 2014    107-139-40-252.lightspeed.dybhfl.sbcglobal.net
Scoyn                    Sun Jul 06 10:13:22 2014    107-139-40-252.lightspeed.dybhfl.sbcglobal.net
Scias                    Sat Jul 05 23:41:48 2014    dhcp-108-170-138-185.cable.user.start.ca
Scoyn                    Sat Jul 05 19:18:46 2014    107-139-40-252.lightspeed.dybhfl.sbcglobal.net
Scoyn                    Sat Jul 05 15:20:09 2014    107-139-40-252.lightspeed.dybhfl.sbcglobal.net
Scoyn                    Fri Jul 04 11:45:46 2014    107-139-40-252.lightspeed.dybhfl.sbcglobal.net
Scoyn                    Thu Jul 03 20:27:32 2014    107-139-40-252.lightspeed.dybhfl.sbcglobal.net
Scoyn                    Wed Jul 02 19:44:44 2014    107-139-40-252.lightspeed.dybhfl.sbcglobal.net
Scoyn                    Wed Jul 02 14:48:40 2014    107-139-40-252.lightspeed.dybhfl.sbcglobal.net
Scoyn                    Wed Jul 02 10:08:31 2014    107-139-40-252.lightspeed.dybhfl.sbcglobal.net
Scoyn                    Tue Jul 01 20:28:33 2014    107-139-40-252.lightspeed.dybhfl.sbcglobal.net
Scoyn                    Tue Jul 01 15:22:08 2014    107-139-40-252.lightspeed.dybhfl.sbcglobal.net
Scoyn                    Tue Jul 01 10:06:35 2014    107-139-40-252.lightspeed.dybhfl.sbcglobal.net
Scoyn                    Mon Jun 30 11:34:10 2014    107-139-40-252.lightspeed.dybhfl.sbcglobal.net
Scoyn                    Sun Jun 29 11:11:30 2014    107-139-40-252.lightspeed.dybhfl.sbcglobal.net
Scoyn                    Sat Jun 28 12:06:12 2014    107-139-40-252.lightspeed.dybhfl.sbcglobal.net
Scoyn                    Sat Jun 28 07:56:57 2014    107-139-40-252.lightspeed.dybhfl.sbcglobal.net
Scoyn                    Fri Jun 27 09:47:50 2014    107-139-40-252.lightspeed.dybhfl.sbcglobal.net
Scoyn                    Thu Jun 26 19:23:02 2014    107-139-40-252.lightspeed.dybhfl.sbcglobal.net
Scoyn                    Thu Jun 26 00:10:02 2014    107-139-40-252.lightspeed.dybhfl.sbcglobal.net
Scoyn                    Wed Jun 25 21:02:23 2014    107-139-40-252.lightspeed.dybhfl.sbcglobal.net
Scoyn                    Wed Jun 25 10:04:57 2014    107-139-40-252.lightspeed.dybhfl.sbcglobal.net
Scoyn                    Tue Jun 24 19:47:29 2014    107-139-40-252.lightspeed.dybhfl.sbcglobal.net
Scoyn                    Tue Jun 24 15:29:05 2014    107-139-40-252.lightspeed.dybhfl.sbcglobal.net
Scoyn                    Tue Jun 24 11:04:04 2014    107-139-40-252.lightspeed.dybhfl.sbcglobal.net
Akiran                   Mon Jun 23 22:12:26 2014    66-87-82-53.pools.spcsdns.net
Scoyn                    Mon Jun 23 22:02:41 2014    107-139-40-252.lightspeed.dybhfl.sbcglobal.net
Scoyn                    Mon Jun 23 22:00:57 2014    107-139-40-252.lightspeed.dybhfl.sbcglobal.net
Akiran                   Sun Jun 22 22:35:15 2014    66-87-80-16.pools.spcsdns.net
Scoyn                    Sun Jun 22 22:30:33 2014    107-139-40-252.lightspeed.dybhfl.sbcglobal.net
Rhaurc                   Wed Jun 11 17:31:10 2014    host-69-59-73-93.nctv.com
Timmy                    Wed Jun 11 02:45:45 2014    cpe-66-61-114-44.neo.res.rr.com
Rhaurc                   Tue Jun 10 18:37:50 2014    host-69-59-73-93.nctv.com
Timmy                    Tue Jun 10 14:30:28 2014    cpe-66-61-114-44.neo.res.rr.com
Amras                    Mon Jun 09 09:05:28 2014    sydnns0109w-142177027199.pppoe-dynamic.High-Speed.ns.bellaliant.net
Amras                    Sun Jun 08 18:46:37 2014    sydnns0109w-142177027199.pppoe-dynamic.High-Speed.ns.bellaliant.net
Rizuel                   Fri Jun 06 23:08:55 2014    c74-197-146-95.dh.suddenlink.net
Rhaurc                   Fri Jun 06 14:50:52 2014    host-69-59-73-93.nctv.com
Timmy                    Fri Jun 06 13:37:36 2014    cpe-66-61-114-44.neo.res.rr.com
Rizuel                   Wed Jun 04 22:41:23 2014    c74-197-146-95.dh.suddenlink.net
Amras                    Wed Jun 04 10:22:06 2014    sydnns0109w-099192034168.pppoe-dynamic.High-Speed.ns.bellaliant.net
Amras                    Tue Jun 03 17:31:02 2014    sydnns0109w-099192034168.pppoe-dynamic.High-Speed.ns.bellaliant.net
Rizuel                   Mon Jun 02 23:12:21 2014    c74-197-146-95.dh.suddenlink.net
Amras                    Mon Jun 02 20:34:52 2014    sydnns0109w-142134066177.pppoe-dynamic.High-Speed.ns.bellaliant.net
Scoyn                    Mon Jun 02 20:14:19 2014    107-139-40-252.lightspeed.dybhfl.sbcglobal.net
Amras                    Mon Jun 02 17:18:54 2014    sydnns0109w-142134066177.pppoe-dynamic.High-Speed.ns.bellaliant.net
Scoyn                    Sun Jun 01 21:59:40 2014    107-139-40-252.lightspeed.dybhfl.sbcglobal.net
Rivelinho                Sun Jun 01 18:44:27 2014    c74-197-146-95.dh.suddenlink.net
Rizuel                   Sun Jun 01 18:43:46 2014    c74-197-146-95.dh.suddenlink.net
Rhaurc                   Sun Jun 01 17:26:50 2014    host-69-59-73-93.nctv.com
Scoyn                    Sun Jun 01 16:12:10 2014    107-139-40-252.lightspeed.dybhfl.sbcglobal.net
Amras                    Sat May 31 17:44:34 2014    sydnns0109w-142176008155.pppoe-dynamic.High-Speed.ns.bellaliant.net
Rhaurc                   Sat May 31 14:39:58 2014    host-69-59-73-93.nctv.com
Rhaurc                   Fri May 30 22:25:38 2014    host-69-59-73-93.nctv.com
Rizuel                   Fri May 30 07:46:51 2014    c74-197-146-95.dh.suddenlink.net
Rhaurc                   Wed May 28 11:16:22 2014    host-69-59-73-93.nctv.com
Rhaurc                   Tue May 27 11:53:22 2014    host-69-59-73-93.nctv.com
Rizuel                   Mon May 26 23:51:54 2014    c74-197-146-95.dh.suddenlink.net
Rhaurc                   Mon May 26 21:46:21 2014    host-69-59-73-93.nctv.com
Rivelinho                Mon May 26 15:30:15 2014    c74-197-146-95.dh.suddenlink.net
Rhaurc                   Mon May 26 11:38:03 2014    host-69-59-73-93.nctv.com
Rhaurc                   Sun May 25 20:30:20 2014    host-69-59-73-93.nctv.com
Rizuel                   Sun May 25 19:35:23 2014    c74-197-146-95.dh.suddenlink.net
Rhaurc                   Sun May 25 15:15:48 2014    host-69-59-73-93.nctv.com
Rhaurc                   Sun May 25 11:29:28 2014    host-69-59-73-93.nctv.com
Maldar                   Sun May 25 10:43:54 2014    75.141.90.50
Timmy                    Sat May 24 19:27:16 2014    cpe-66-61-114-44.neo.res.rr.com
Rivelinho                Sat May 24 16:34:45 2014    c74-197-146-95.dh.suddenlink.net
Jefed                    Sat May 24 15:52:57 2014    c-76-114-50-29.hsd1.ca.comcast.net
Rhaurc                   Sat May 24 12:25:51 2014    host-69-59-73-93.nctv.com
Rhaurc                   Sat May 24 01:55:13 2014    host-69-59-73-93.nctv.com
Rizuel                   Fri May 23 23:59:01 2014    c74-197-146-95.dh.suddenlink.net
Rhaurc                   Fri May 23 08:44:44 2014    host-69-59-73-93.nctv.com
Rhaurc                   Mon May 19 22:21:44 2014    host-69-59-73-93.nctv.com
Rizuel                   Mon May 19 20:21:44 2014    c74-197-146-95.dh.suddenlink.net
Jefed                    Mon May 19 05:21:19 2014    c-76-114-50-29.hsd1.ca.comcast.net
Jefed                    Mon May 19 05:13:48 2014    c-76-114-50-29.hsd1.ca.comcast.net
Xenarg                   Mon May 19 02:03:23 2014    1.142.168.248
Rhaurc                   Sun May 18 21:14:48 2014    host-69-59-73-93.nctv.com
Rhaurc                   Sun May 18 13:00:14 2014    host-69-59-73-93.nctv.com
Amras                    Sun May 18 12:37:27 2014    sydnns0109w-099192031205.pppoe-dynamic.High-Speed.ns.bellaliant.net
Toshiba                  Sun May 18 11:40:33 2014    184.21.171.86
Scoyn                    Sun May 18 01:08:29 2014    107-139-40-252.lightspeed.dybhfl.sbcglobal.net
Rhaurc                   Sun May 18 00:45:17 2014    host-69-59-73-93.nctv.com
Rhaurc                   Sat May 17 14:53:12 2014    host-69-59-73-93.nctv.com
Rhaurc                   Sat May 17 11:15:46 2014    host-69-59-73-93.nctv.com
Rhaurc                   Fri May 16 16:46:13 2014    host-69-59-73-93.nctv.com
Scoyn                    Fri May 16 10:03:40 2014    107-139-40-252.lightspeed.dybhfl.sbcglobal.net
Rhaurc                   Fri May 16 09:20:07 2014    38.104.61.106
Rhaurc                   Fri May 16 00:23:49 2014    host-69-59-73-93.nctv.com
Amras                    Thu May 15 23:04:27 2014    sydnns0109w-099192031205.pppoe-dynamic.High-Speed.ns.bellaliant.net
Rivelinho                Thu May 15 22:33:33 2014    c74-197-146-95.dh.suddenlink.net
Rizuel                   Thu May 15 22:32:59 2014    c74-197-146-95.dh.suddenlink.net
Rhaurc                   Thu May 15 21:13:10 2014    host-69-59-73-93.nctv.com
Rhaurc                   Thu May 15 16:15:37 2014    host-69-59-73-93.nctv.com
Scoyn                    Thu May 15 14:41:52 2014    107-139-40-252.lightspeed.dybhfl.sbcglobal.net
Scoyn                    Thu May 15 07:58:48 2014    107-139-40-252.lightspeed.dybhfl.sbcglobal.net
Rhaurc                   Thu May 15 07:47:04 2014    host-69-59-73-93.nctv.com
Rizuel                   Thu May 15 04:41:29 2014    c74-197-146-95.dh.suddenlink.net
Rivelinho                Wed May 14 18:40:21 2014    c74-197-146-95.dh.suddenlink.net
Amras                    Wed May 14 15:25:43 2014    sydnns0109w-099192031205.pppoe-dynamic.High-Speed.ns.bellaliant.net
Rhaurc                   Wed May 14 07:15:24 2014    host-69-59-73-93.nctv.com
Scoyn                    Tue May 13 19:01:31 2014    107-139-40-252.lightspeed.dybhfl.sbcglobal.net
Rivelinho                Tue May 13 17:57:02 2014    c74-197-146-95.dh.suddenlink.net
Rizuel                   Tue May 13 17:54:02 2014    c74-197-146-95.dh.suddenlink.net
Rhaurc                   Tue May 13 15:07:44 2014    host-69-59-73-93.nctv.com
Rhaurc                   Tue May 13 10:33:43 2014    38.104.61.106
Rhaurc                   Tue May 13 07:40:50 2014    host-69-59-73-93.nctv.com
Rizuel                   Mon May 12 18:49:02 2014    c74-197-146-95.dh.suddenlink.net
Scoyn                    Mon May 12 15:48:20 2014    107-139-40-252.lightspeed.dybhfl.sbcglobal.net
Amras                    Mon May 12 14:41:22 2014    sydnns0109w-099192031205.pppoe-dynamic.High-Speed.ns.bellaliant.net
Rizuel                   Sun May 11 22:13:44 2014    c74-197-146-95.dh.suddenlink.net
Rhaurc                   Sun May 11 18:58:17 2014    host-69-59-73-93.nctv.com
Rhaurc                   Sun May 11 14:49:07 2014    host-69-59-73-93.nctv.com
Scoyn                    Sun May 11 11:47:35 2014    107-139-40-252.lightspeed.dybhfl.sbcglobal.net
Rhaurc                   Sun May 11 11:47:35 2014    host-69-59-73-93.nctv.com
Rhaurc                   Sun May 11 11:47:12 2014    host-69-59-73-93.nctv.com
Rhaurc                   Sun May 11 11:44:03 2014    host-69-59-73-93.nctv.com
Rizuel                   Sat May 10 23:55:01 2014    c74-197-146-95.dh.suddenlink.net
Scoyn                    Sat May 10 13:33:54 2014    107-139-40-252.lightspeed.dybhfl.sbcglobal.net
Maldar                   Sat May 10 13:14:39 2014    75-141-90-50.static.knwc.wa.charter.com
Rhaurc                   Thu May 08 00:46:19 2014    host-69-59-73-93.nctv.com
Scoyn                    Wed May 07 21:01:09 2014    107-139-40-252.lightspeed.dybhfl.sbcglobal.net
Rhaurc                   Wed May 07 11:59:25 2014    38.104.61.106
Rhaurc                   Tue May 06 15:41:47 2014    38.104.61.106
Rhaurc                   Tue May 06 14:10:45 2014    38.104.61.106
Rhaurc                   Tue May 06 13:16:20 2014    38.104.61.106
Rhaurc                   Tue May 06 10:58:31 2014    38.104.61.106
Scoyn                    Tue May 06 00:04:18 2014    107-139-40-252.lightspeed.dybhfl.sbcglobal.net
Rhaurc                   Mon May 05 23:38:47 2014    host-69-59-73-93.nctv.com
Akiran                   Mon May 05 23:22:41 2014    66-87-81-42.pools.spcsdns.net
Scoyn                    Mon May 05 16:41:41 2014    107-139-40-252.lightspeed.dybhfl.sbcglobal.net
Rhaurc                   Mon May 05 15:32:30 2014    host-69-59-73-93.nctv.com
Rhaurc                   Mon May 05 14:33:21 2014    host-69-59-73-93.nctv.com
Rhaurc                   Mon May 05 14:01:23 2014    host-69-59-73-93.nctv.com
Rhaurc                   Mon May 05 13:06:29 2014    host-69-59-73-93.nctv.com
Rhaurc                   Mon May 05 12:01:49 2014    host-69-59-73-93.nctv.com
Scoyn                    Mon May 05 10:46:02 2014    107-139-40-252.lightspeed.dybhfl.sbcglobal.net
Scoyn                    Sat May 03 12:11:56 2014    107-139-40-252.lightspeed.dybhfl.sbcglobal.net
Wolfe                    Fri May 02 19:04:21 2014    CPE602ad0911647-CM602ad0911644.cpe.net.cable.rogers.com
Scoyn                    Wed Apr 30 18:48:32 2014    107-139-40-252.lightspeed.dybhfl.sbcglobal.net
Scoyn                    Wed Apr 30 07:14:00 2014    107-139-40-252.lightspeed.dybhfl.sbcglobal.net
Draxxus                  Tue Apr 29 22:31:09 2014    mobile-166-172-057-067.mycingular.net
Akiran                   Tue Apr 29 19:13:42 2014    66-87-82-253.pools.spcsdns.net
Rizuel                   Mon Apr 28 21:37:14 2014    c74-197-146-95.dh.suddenlink.net
Akiran                   Sun Apr 27 23:07:48 2014    66-87-81-241.pools.spcsdns.net
Scoyn                    Sun Apr 27 23:07:41 2014    107-139-40-252.lightspeed.dybhfl.sbcglobal.net
Sonyc                    Sun Apr 27 22:55:52 2014    107-139-40-252.lightspeed.dybhfl.sbcglobal.net
Akiran                   Sun Apr 27 22:12:10 2014    66-87-81-241.pools.spcsdns.net
Scoyn                    Sun Apr 27 22:10:33 2014    107-139-40-252.lightspeed.dybhfl.sbcglobal.net
Akiran                   Sun Apr 27 22:08:29 2014    66-87-81-241.pools.spcsdns.net
Timmy                    Sun Apr 27 18:46:31 2014    cpe-66-61-114-44.neo.res.rr.com
Scoyn                    Sun Apr 27 14:28:44 2014    107-139-40-252.lightspeed.dybhfl.sbcglobal.net
Akiran                   Sat Apr 26 22:03:44 2014    66-87-82-138.pools.spcsdns.net
Rizuel                   Sat Apr 26 20:52:49 2014    c74-197-146-95.dh.suddenlink.net
Revansv                  Sat Apr 26 20:16:19 2014    adsl-074-182-011-220.sip.jan.bellsouth.net
Revansv                  Sat Apr 26 14:58:53 2014    adsl-074-182-011-220.sip.jan.bellsouth.net
Xenarg                   Sat Apr 26 11:15:36 2014    CPE-60-230-248-157.lnse1.wel.bigpond.net.au
Scoyn                    Sat Apr 26 10:20:33 2014    107-139-40-252.lightspeed.dybhfl.sbcglobal.net
Scoyn                    Sat Apr 26 09:46:52 2014    107-139-40-252.lightspeed.dybhfl.sbcglobal.net
Scoyn                    Sat Apr 26 09:06:10 2014    107-139-40-252.lightspeed.dybhfl.sbcglobal.net
Amras                    Fri Apr 25 14:57:48 2014    static-222-60-86.eastlink.ca
Scoyn                    Fri Apr 25 13:14:22 2014    107-139-40-252.lightspeed.dybhfl.sbcglobal.net
Amras                    Fri Apr 25 13:03:19 2014    static-222-60-86.eastlink.ca
Akiran                   Wed Apr 23 17:12:09 2014    157-82-87-66.pools.cgn.spcsdns.net
Aramaust                 Wed Apr 23 02:53:57 2014    69-80-87-66.pools.cgn.spcsdns.net
Rizuel                   Tue Apr 22 19:17:06 2014    c74-197-146-95.dh.suddenlink.net
Scoyn                    Tue Apr 22 10:26:33 2014    107-139-40-252.lightspeed.dybhfl.sbcglobal.net
Rivelinho                Tue Apr 22 00:23:27 2014    c74-197-146-95.dh.suddenlink.net
Rizuel                   Tue Apr 22 00:20:16 2014    c74-197-146-95.dh.suddenlink.net
Zerquse                  Tue Apr 22 00:20:01 2014    c-68-51-58-253.hsd1.ar.comcast.net
Draxxus                  Mon Apr 21 23:55:33 2014    mobile-166-147-099-059.mycingular.net
Maldar                   Mon Apr 21 21:57:43 2014    96.36.59.162
Draxxus                  Mon Apr 21 21:04:32 2014    mobile-166-147-099-059.mycingular.net
Scoyn                    Fri Apr 18 15:29:22 2014    107-139-40-252.lightspeed.dybhfl.sbcglobal.net
Amras                    Tue Apr 15 20:12:18 2014    sydnns0109w-099192023140.pppoe-dynamic.High-Speed.ns.bellaliant.net
Scoyn                    Tue Apr 15 09:54:27 2014    107-139-40-252.lightspeed.dybhfl.sbcglobal.net
Scoyn                    Mon Apr 14 23:27:19 2014    107-139-40-252.lightspeed.dybhfl.sbcglobal.net
Amras                    Sun Apr 13 15:15:20 2014    sydnns0109w-099192023140.pppoe-dynamic.High-Speed.ns.bellaliant.net
Scoyn                    Thu Apr 10 09:56:28 2014    107-139-40-252.lightspeed.dybhfl.sbcglobal.net
Amras                    Tue Apr 08 11:20:08 2014    sydnns0109w-099192023140.pppoe-dynamic.High-Speed.ns.bellaliant.net
Amras                    Mon Apr 07 23:21:02 2014    sydnns0109w-099192023140.pppoe-dynamic.High-Speed.ns.bellaliant.net
Scoyn                    Sat Apr 05 21:48:02 2014    107-139-40-252.lightspeed.dybhfl.sbcglobal.net
Amras                    Sat Apr 05 11:02:07 2014    sydnns0109w-099192031071.pppoe-dynamic.High-Speed.ns.bellaliant.net
Druce                    Sat Apr 05 10:52:19 2014    198.71.97.50
Amras                    Fri Apr 04 16:35:59 2014    sydnns0109w-099192031071.pppoe-dynamic.High-Speed.ns.bellaliant.net
Amras                    Thu Apr 03 19:08:08 2014    sydnns0109w-099192031071.pppoe-dynamic.High-Speed.ns.bellaliant.net
Kithonos                 Tue Apr 01 21:52:46 2014    50.43.129.132
Druce                    Tue Apr 01 16:50:48 2014    198.71.97.50
Kithonos                 Mon Mar 31 21:48:32 2014    50.43.145.184
Kithonos                 Sun Mar 30 23:17:08 2014    50.43.145.184
Kithonos                 Sun Mar 30 23:01:48 2014    50.43.145.184
