2002.01.16 20:57 B C:\Lee's Files\MUDs\GWOM\gundam\building\Akumaka.are.bak <-- Gundam /home/akumaka/gundam/building Akumaka.are.bak
2002.01.16 20:57 B C:\Lee's Files\MUDs\GWOM\gundam\building\Akumaka.are.installed <-- Gundam /home/akumaka/gundam/building Akumaka.are.installed
2002.01.16 20:57 B C:\Lee's Files\MUDs\GWOM\gundam\building\Allakhazam.are.bak <-- Gundam /home/akumaka/gundam/building Allakhazam.are.bak
2002.01.16 20:57 B C:\Lee's Files\MUDs\GWOM\gundam\building\Allakhazam.are.installed <-- Gundam /home/akumaka/gundam/building Allakhazam.are.installed
2002.01.16 20:57 B C:\Lee's Files\MUDs\GWOM\gundam\building\Antonio.are.bak <-- Gundam /home/akumaka/gundam/building Antonio.are.bak
2002.01.16 20:57 B C:\Lee's Files\MUDs\GWOM\gundam\building\Antonio.are.installed <-- Gundam /home/akumaka/gundam/building Antonio.are.installed
2002.01.16 20:57 B C:\Lee's Files\MUDs\GWOM\gundam\building\aoba.are <-- Gundam /home/akumaka/gundam/building aoba.are
2002.01.16 20:57 B C:\Lee's Files\MUDs\GWOM\gundam\building\aoba.are <-- Gundam /home/akumaka/gundam/building aoba.are
2002.01.16 20:58 B C:\Lee's Files\MUDs\GWOM\gundam\building\aoba.are .bak <-- Gundam /home/akumaka/gundam/building aoba.are .bak
2002.01.16 20:58 B C:\Lee's Files\MUDs\GWOM\gundam\building\aoba.are.bak <-- Gundam /home/akumaka/gundam/building aoba.are.bak
2002.01.16 20:58 B C:\Lee's Files\MUDs\GWOM\gundam\building\Armagedon.are <-- Gundam /home/akumaka/gundam/building Armagedon.are
2002.01.16 20:58 B C:\Lee's Files\MUDs\GWOM\gundam\building\Bron.are.bak <-- Gundam /home/akumaka/gundam/building Bron.are.bak
2002.01.16 20:58 B C:\Lee's Files\MUDs\GWOM\gundam\building\Clanbase.are <-- Gundam /home/akumaka/gundam/building Clanbase.are
2002.01.16 20:58 B C:\Lee's Files\MUDs\GWOM\gundam\building\courthouse.are <-- Gundam /home/akumaka/gundam/building courthouse.are
2002.01.16 20:59 B C:\Lee's Files\MUDs\GWOM\gundam\building\courthouse.are.bak <-- Gundam /home/akumaka/gundam/building courthouse.are.bak
2002.01.16 20:59 B C:\Lee's Files\MUDs\GWOM\gundam\building\courthouse.are.installed <-- Gundam /home/akumaka/gundam/building courthouse.are.installed
2002.01.16 20:59 B C:\Lee's Files\MUDs\GWOM\gundam\building\Damien.are <-- Gundam /home/akumaka/gundam/building Damien.are
2002.01.16 20:59 B C:\Lee's Files\MUDs\GWOM\gundam\building\Damien.are.bak <-- Gundam /home/akumaka/gundam/building Damien.are.bak
2002.01.16 20:59 B C:\Lee's Files\MUDs\GWOM\gundam\building\Damien.are.installed <-- Gundam /home/akumaka/gundam/building Damien.are.installed
2002.01.16 20:59 B C:\Lee's Files\MUDs\GWOM\gundam\building\Duo.are <-- Gundam /home/akumaka/gundam/building Duo.are
2002.01.16 20:59 B C:\Lee's Files\MUDs\GWOM\gundam\building\Duo.are.bak <-- Gundam /home/akumaka/gundam/building Duo.are.bak
2002.01.16 20:59 B C:\Lee's Files\MUDs\GWOM\gundam\building\Earth.are <-- Gundam /home/akumaka/gundam/building Earth.are
2002.01.16 20:59 B C:\Lee's Files\MUDs\GWOM\gundam\building\Earth.are.bak <-- Gundam /home/akumaka/gundam/building Earth.are.bak
2002.01.16 20:59 B C:\Lee's Files\MUDs\GWOM\gundam\building\G42.are <-- Gundam /home/akumaka/gundam/building G42.are
2002.01.16 20:59 B C:\Lee's Files\MUDs\GWOM\gundam\building\G42.are.bak <-- Gundam /home/akumaka/gundam/building G42.are.bak
2002.01.16 20:59 B C:\Lee's Files\MUDs\GWOM\gundam\building\Ghostdog.are.bak <-- Gundam /home/akumaka/gundam/building Ghostdog.are.bak
2002.01.16 20:59 B C:\Lee's Files\MUDs\GWOM\gundam\building\Ghostdog.are.installed <-- Gundam /home/akumaka/gundam/building Ghostdog.are.installed
2002.01.16 20:59 B C:\Lee's Files\MUDs\GWOM\gundam\building\Gilthanas.are.bak <-- Gundam /home/akumaka/gundam/building Gilthanas.are.bak
2002.01.16 20:59 B C:\Lee's Files\MUDs\GWOM\gundam\building\Gojita.are.bak <-- Gundam /home/akumaka/gundam/building Gojita.are.bak
2002.01.16 20:59 B C:\Lee's Files\MUDs\GWOM\gundam\building\Gojita.are.installed <-- Gundam /home/akumaka/gundam/building Gojita.are.installed
2002.01.16 20:59 B C:\Lee's Files\MUDs\GWOM\gundam\building\Goku.are.bak <-- Gundam /home/akumaka/gundam/building Goku.are.bak
2002.01.16 21:00 B C:\Lee's Files\MUDs\GWOM\gundam\building\gundamw.are <-- Gundam /home/akumaka/gundam/building gundamw.are
2002.01.16 21:00 B C:\Lee's Files\MUDs\GWOM\gundam\building\gundamw.are.bak <-- Gundam /home/akumaka/gundam/building gundamw.are.bak
2002.01.16 21:00 B C:\Lee's Files\MUDs\GWOM\gundam\building\gwacademy.are <-- Gundam /home/akumaka/gundam/building gwacademy.are
2002.01.16 21:00 B C:\Lee's Files\MUDs\GWOM\gundam\building\gwacademy.are.bak <-- Gundam /home/akumaka/gundam/building gwacademy.are.bak
2002.01.16 21:00 B C:\Lee's Files\MUDs\GWOM\gundam\building\Hana.are <-- Gundam /home/akumaka/gundam/building Hana.are
2002.01.16 21:00 B C:\Lee's Files\MUDs\GWOM\gundam\building\Hana.are.bak <-- Gundam /home/akumaka/gundam/building Hana.are.bak
2002.01.16 21:00 B C:\Lee's Files\MUDs\GWOM\gundam\building\Heero.are <-- Gundam /home/akumaka/gundam/building Heero.are
2002.01.16 21:00 B C:\Lee's Files\MUDs\GWOM\gundam\building\Heero.are.bak <-- Gundam /home/akumaka/gundam/building Heero.are.bak
2002.01.16 21:00 B C:\Lee's Files\MUDs\GWOM\gundam\building\Hinzu.are <-- Gundam /home/akumaka/gundam/building Hinzu.are
2002.01.16 21:00 B C:\Lee's Files\MUDs\GWOM\gundam\building\Hinzu.are.bak <-- Gundam /home/akumaka/gundam/building Hinzu.are.bak
2002.01.16 21:00 B C:\Lee's Files\MUDs\GWOM\gundam\building\Hinzu.are.installed <-- Gundam /home/akumaka/gundam/building Hinzu.are.installed
2002.01.16 21:00 B C:\Lee's Files\MUDs\GWOM\gundam\building\k46.are <-- Gundam /home/akumaka/gundam/building k46.are
2002.01.16 21:00 B C:\Lee's Files\MUDs\GWOM\gundam\building\k46.are.bak <-- Gundam /home/akumaka/gundam/building k46.are.bak
2002.01.16 21:00 B C:\Lee's Files\MUDs\GWOM\gundam\building\Kama.are <-- Gundam /home/akumaka/gundam/building Kama.are
2002.01.16 21:00 B C:\Lee's Files\MUDs\GWOM\gundam\building\Kama.are.bak <-- Gundam /home/akumaka/gundam/building Kama.are.bak
2002.01.16 21:00 B C:\Lee's Files\MUDs\GWOM\gundam\building\Kamato.are <-- Gundam /home/akumaka/gundam/building Kamato.are
2002.01.16 21:00 B C:\Lee's Files\MUDs\GWOM\gundam\building\Kamato.are.bak <-- Gundam /home/akumaka/gundam/building Kamato.are.bak
2002.01.16 21:00 B C:\Lee's Files\MUDs\GWOM\gundam\building\Katrina.are.bak <-- Gundam /home/akumaka/gundam/building Katrina.are.bak
2002.01.16 21:00 B C:\Lee's Files\MUDs\GWOM\gundam\building\Katrina.are.installed <-- Gundam /home/akumaka/gundam/building Katrina.are.installed
2002.01.16 21:00 B C:\Lee's Files\MUDs\GWOM\gundam\building\Kidd.are <-- Gundam /home/akumaka/gundam/building Kidd.are
2002.01.16 21:00 B C:\Lee's Files\MUDs\GWOM\gundam\building\Kidd.are.bak <-- Gundam /home/akumaka/gundam/building Kidd.are.bak
2002.01.16 21:01 B C:\Lee's Files\MUDs\GWOM\gundam\building\Korea.are <-- Gundam /home/akumaka/gundam/building Korea.are
2002.01.16 21:01 B C:\Lee's Files\MUDs\GWOM\gundam\building\Korea.are.bak <-- Gundam /home/akumaka/gundam/building Korea.are.bak
2002.01.16 21:01 B C:\Lee's Files\MUDs\GWOM\gundam\building\Korea.are.installed <-- Gundam /home/akumaka/gundam/building Korea.are.installed
2002.01.16 21:01 B C:\Lee's Files\MUDs\GWOM\gundam\building\Kregen.are.bak <-- Gundam /home/akumaka/gundam/building Kregen.are.bak
2002.01.16 21:01 B C:\Lee's Files\MUDs\GWOM\gundam\building\l3.are <-- Gundam /home/akumaka/gundam/building l3.are
2002.01.16 21:01 B C:\Lee's Files\MUDs\GWOM\gundam\building\l3.are.bak <-- Gundam /home/akumaka/gundam/building l3.are.bak
2002.01.16 21:01 B C:\Lee's Files\MUDs\GWOM\gundam\building\LargeShips.are <-- Gundam /home/akumaka/gundam/building LargeShips.are
2002.01.16 21:01 B C:\Lee's Files\MUDs\GWOM\gundam\building\library.are <-- Gundam /home/akumaka/gundam/building library.are
2002.01.16 21:01 B C:\Lee's Files\MUDs\GWOM\gundam\building\library.are.bak <-- Gundam /home/akumaka/gundam/building library.are.bak
2002.01.16 21:01 B C:\Lee's Files\MUDs\GWOM\gundam\building\limbo.are <-- Gundam /home/akumaka/gundam/building limbo.are
2002.01.16 21:01 B C:\Lee's Files\MUDs\GWOM\gundam\building\limbo.are.bak <-- Gundam /home/akumaka/gundam/building limbo.are.bak
2002.01.16 21:01 B C:\Lee's Files\MUDs\GWOM\gundam\building\M03.are <-- Gundam /home/akumaka/gundam/building M03.are
2002.01.16 21:01 B C:\Lee's Files\MUDs\GWOM\gundam\building\M03.are.bak <-- Gundam /home/akumaka/gundam/building M03.are.bak
2002.01.16 21:01 B C:\Lee's Files\MUDs\GWOM\gundam\building\m9.are <-- Gundam /home/akumaka/gundam/building m9.are
2002.01.16 21:01 B C:\Lee's Files\MUDs\GWOM\gundam\building\m9.are.bak <-- Gundam /home/akumaka/gundam/building m9.are.bak
2002.01.16 21:01 B C:\Lee's Files\MUDs\GWOM\gundam\building\Magnus.are.bak <-- Gundam /home/akumaka/gundam/building Magnus.are.bak
2002.01.16 21:01 B C:\Lee's Files\MUDs\GWOM\gundam\building\Magnus.are.installed <-- Gundam /home/akumaka/gundam/building Magnus.are.installed
2002.01.16 21:01 B C:\Lee's Files\MUDs\GWOM\gundam\building\Malech.are <-- Gundam /home/akumaka/gundam/building Malech.are
2002.01.16 21:01 B C:\Lee's Files\MUDs\GWOM\gundam\building\Malech.are.bak <-- Gundam /home/akumaka/gundam/building Malech.are.bak
2002.01.16 21:02 B C:\Lee's Files\MUDs\GWOM\gundam\building\Meteor.are <-- Gundam /home/akumaka/gundam/building Meteor.are
2002.01.16 21:02 B C:\Lee's Files\MUDs\GWOM\gundam\building\Meteor.are.bak <-- Gundam /home/akumaka/gundam/building Meteor.are.bak
2002.01.16 21:02 B C:\Lee's Files\MUDs\GWOM\gundam\building\Meteor.are.installed <-- Gundam /home/akumaka/gundam/building Meteor.are.installed
2002.01.16 21:02 B C:\Lee's Files\MUDs\GWOM\gundam\building\moon.are <-- Gundam /home/akumaka/gundam/building moon.are
2002.01.16 21:02 B C:\Lee's Files\MUDs\GWOM\gundam\building\Neo.are <-- Gundam /home/akumaka/gundam/building Neo.are
2002.01.16 21:02 B C:\Lee's Files\MUDs\GWOM\gundam\building\Neo.are.bak <-- Gundam /home/akumaka/gundam/building Neo.are.bak
2002.01.16 21:02 B C:\Lee's Files\MUDs\GWOM\gundam\building\o52.are <-- Gundam /home/akumaka/gundam/building o52.are
2002.01.16 21:02 B C:\Lee's Files\MUDs\GWOM\gundam\building\o52.are.bak <-- Gundam /home/akumaka/gundam/building o52.are.bak
2002.01.16 21:02 B C:\Lee's Files\MUDs\GWOM\gundam\building\ozbase.are <-- Gundam /home/akumaka/gundam/building ozbase.are
2002.01.16 21:02 B C:\Lee's Files\MUDs\GWOM\gundam\building\ozbase.are.bak <-- Gundam /home/akumaka/gundam/building ozbase.are.bak
2002.01.16 21:02 B C:\Lee's Files\MUDs\GWOM\gundam\building\p69.are <-- Gundam /home/akumaka/gundam/building p69.are
2002.01.16 21:02 B C:\Lee's Files\MUDs\GWOM\gundam\building\p69.are.bak <-- Gundam /home/akumaka/gundam/building p69.are.bak
2002.01.16 21:02 B C:\Lee's Files\MUDs\GWOM\gundam\building\r28.are <-- Gundam /home/akumaka/gundam/building r28.are
2002.01.16 21:02 B C:\Lee's Files\MUDs\GWOM\gundam\building\r28.are.bak <-- Gundam /home/akumaka/gundam/building r28.are.bak
2002.01.16 21:02 B C:\Lee's Files\MUDs\GWOM\gundam\building\refuel.are <-- Gundam /home/akumaka/gundam/building refuel.are
2002.01.16 21:02 B C:\Lee's Files\MUDs\GWOM\gundam\building\refuel.are.bak <-- Gundam /home/akumaka/gundam/building refuel.are.bak
2002.01.16 21:02 B C:\Lee's Files\MUDs\GWOM\gundam\building\refuelstation.are <-- Gundam /home/akumaka/gundam/building refuelstation.are
2002.01.16 21:02 B C:\Lee's Files\MUDs\GWOM\gundam\building\refuelstation.are.bak <-- Gundam /home/akumaka/gundam/building refuelstation.are.bak
2002.01.16 21:02 B C:\Lee's Files\MUDs\GWOM\gundam\building\Rohan.are.bak <-- Gundam /home/akumaka/gundam/building Rohan.are.bak
2002.01.16 21:03 B C:\Lee's Files\MUDs\GWOM\gundam\building\Rune.are <-- Gundam /home/akumaka/gundam/building Rune.are
2002.01.16 21:03 B C:\Lee's Files\MUDs\GWOM\gundam\building\Rune.are.bak <-- Gundam /home/akumaka/gundam/building Rune.are.bak
2002.01.16 21:03 B C:\Lee's Files\MUDs\GWOM\gundam\building\Sangre.are <-- Gundam /home/akumaka/gundam/building Sangre.are
2002.01.16 21:03 B C:\Lee's Files\MUDs\GWOM\gundam\building\Sangre.are.bak <-- Gundam /home/akumaka/gundam/building Sangre.are.bak
2002.01.16 21:03 B C:\Lee's Files\MUDs\GWOM\gundam\building\seabase.are <-- Gundam /home/akumaka/gundam/building seabase.are
2002.01.16 21:03 B C:\Lee's Files\MUDs\GWOM\gundam\building\seabase.are.bak <-- Gundam /home/akumaka/gundam/building seabase.are.bak
2002.01.16 21:03 B C:\Lee's Files\MUDs\GWOM\gundam\building\Serge.are.bak <-- Gundam /home/akumaka/gundam/building Serge.are.bak
2002.01.16 21:03 B C:\Lee's Files\MUDs\GWOM\gundam\building\Snake.are.bak <-- Gundam /home/akumaka/gundam/building Snake.are.bak
2002.01.16 21:03 B C:\Lee's Files\MUDs\GWOM\gundam\building\Snake.are.installed <-- Gundam /home/akumaka/gundam/building Snake.are.installed
2002.01.16 21:03 B C:\Lee's Files\MUDs\GWOM\gundam\building\Steel.are <-- Gundam /home/akumaka/gundam/building Steel.are
2002.01.16 21:03 B C:\Lee's Files\MUDs\GWOM\gundam\building\Steel.are.bak <-- Gundam /home/akumaka/gundam/building Steel.are.bak
2002.01.16 21:03 B C:\Lee's Files\MUDs\GWOM\gundam\building\suits.are <-- Gundam /home/akumaka/gundam/building suits.are
2002.01.16 21:03 B C:\Lee's Files\MUDs\GWOM\gundam\building\tricolonies.are <-- Gundam /home/akumaka/gundam/building tricolonies.are
2002.01.16 21:03 B C:\Lee's Files\MUDs\GWOM\gundam\building\tricolonies.are.bak <-- Gundam /home/akumaka/gundam/building tricolonies.are.bak
2002.01.16 21:03 B C:\Lee's Files\MUDs\GWOM\gundam\building\tricolony.are <-- Gundam /home/akumaka/gundam/building tricolony.are
2002.01.16 21:04 B C:\Lee's Files\MUDs\GWOM\gundam\building\tricolony.are.bak <-- Gundam /home/akumaka/gundam/building tricolony.are.bak
2002.01.16 21:04 B C:\Lee's Files\MUDs\GWOM\gundam\building\tricolony.are.installed <-- Gundam /home/akumaka/gundam/building tricolony.are.installed
2002.01.16 21:04 B C:\Lee's Files\MUDs\GWOM\gundam\building\Trowa.are <-- Gundam /home/akumaka/gundam/building Trowa.are
2002.01.16 21:04 B C:\Lee's Files\MUDs\GWOM\gundam\building\Trowa.are.bak <-- Gundam /home/akumaka/gundam/building Trowa.are.bak
2002.01.16 21:04 B C:\Lee's Files\MUDs\GWOM\gundam\building\Tyrel.are.bak <-- Gundam /home/akumaka/gundam/building Tyrel.are.bak
2002.01.16 21:04 B C:\Lee's Files\MUDs\GWOM\gundam\building\Vlad.are <-- Gundam /home/akumaka/gundam/building Vlad.are
2002.01.16 21:04 B C:\Lee's Files\MUDs\GWOM\gundam\building\Vlad.are.bak <-- Gundam /home/akumaka/gundam/building Vlad.are.bak
2002.01.16 21:04 B C:\Lee's Files\MUDs\GWOM\gundam\building\Wolfwood.are <-- Gundam /home/akumaka/gundam/building Wolfwood.are
2002.01.16 21:04 B C:\Lee's Files\MUDs\GWOM\gundam\building\Wolfwood.are.bak <-- Gundam /home/akumaka/gundam/building Wolfwood.are.bak
2002.01.16 21:04 B C:\Lee's Files\MUDs\GWOM\gundam\building\Wolfwood.are.installed <-- Gundam /home/akumaka/gundam/building Wolfwood.are.installed
2002.01.16 21:04 B C:\Lee's Files\MUDs\GWOM\gundam\building\Wufei.are <-- Gundam /home/akumaka/gundam/building Wufei.are
2002.01.16 21:04 B C:\Lee's Files\MUDs\GWOM\gundam\building\Wufei.are.bak <-- Gundam /home/akumaka/gundam/building Wufei.are.bak
2002.01.16 21:04 B C:\Lee's Files\MUDs\GWOM\gundam\building\x18999.are <-- Gundam /home/akumaka/gundam/building x18999.are
2002.01.16 21:04 B C:\Lee's Files\MUDs\GWOM\gundam\building\x18999.are.bak <-- Gundam /home/akumaka/gundam/building x18999.are.bak
2002.01.16 21:04 B C:\Lee's Files\MUDs\GWOM\gundam\building\X19600.are <-- Gundam /home/akumaka/gundam/building X19600.are
2002.01.16 21:04 B C:\Lee's Files\MUDs\GWOM\gundam\building\X19600.are.bak <-- Gundam /home/akumaka/gundam/building X19600.are.bak
2002.01.16 21:04 B C:\Lee's Files\MUDs\GWOM\gundam\building\X19600.are.installed <-- Gundam /home/akumaka/gundam/building X19600.are.installed
2002.01.16 21:05 B C:\Lee's Files\MUDs\GWOM\gundam\building\x45.are <-- Gundam /home/akumaka/gundam/building x45.are
2002.01.16 21:05 B C:\Lee's Files\MUDs\GWOM\gundam\building\x45.are.bak <-- Gundam /home/akumaka/gundam/building x45.are.bak
2002.01.16 21:05 B C:\Lee's Files\MUDs\GWOM\gundam\building\Xeo.are.bak <-- Gundam /home/akumaka/gundam/building Xeo.are.bak
2002.01.16 21:05 B C:\Lee's Files\MUDs\GWOM\gundam\building\z64.are <-- Gundam /home/akumaka/gundam/building z64.are
2002.01.16 21:05 B C:\Lee's Files\MUDs\GWOM\gundam\building\z64.are.bak <-- Gundam /home/akumaka/gundam/building z64.are.bak
2002.01.16 21:05 B C:\Lee's Files\MUDs\GWOM\gundam\building\Zantas.are.bak <-- Gundam /home/akumaka/gundam/building Zantas.are.bak
2002.01.16 21:05 B C:\Lee's Files\MUDs\GWOM\gundam\building\Zantas.are.installed <-- Gundam /home/akumaka/gundam/building Zantas.are.installed
2002.01.16 21:05 B C:\Lee's Files\MUDs\GWOM\gundam\building\Zechs.are.bak <-- Gundam /home/akumaka/gundam/building Zechs.are.bak
